2024-06-05 18:57:58 [I] - ***********************************************
2024-06-05 18:57:58 [I] - 提取方式二:传入参数为CMarkup类型
2024-06-05 18:57:58 [I] - start extract title
2024-06-05 18:57:58 [I] - title extract success
2024-06-05 18:57:58 [I] - start extract authors
2024-06-05 18:57:58 [I] - authors extract fail
2024-06-05 18:57:58 [I] - start extract abstract
2024-06-05 18:57:58 [I] - abstract extract success
2024-06-05 18:57:58 [I] - start extract keyWords
2024-06-05 18:57:58 [I] - keyWords extract success
2024-06-05 18:57:58 [I] - start extract catalogs
2024-06-05 18:57:58 [I] - catalogs extract success
2024-06-05 18:57:58 [I] - ***********************************************
2024-06-05 19:03:43 [I] - ***********************************************
2024-06-05 19:03:43 [I] - 提取方式二:传入参数为CMarkup类型
2024-06-05 19:03:43 [I] - start extract title
2024-06-05 19:03:43 [I] - title extract success
2024-06-05 19:03:43 [I] - start extract authors
2024-06-05 19:03:43 [I] - authors extract success
2024-06-05 19:03:43 [I] - start extract abstract
2024-06-05 19:03:43 [I] - abstract extract success
2024-06-05 19:03:43 [I] - start extract keyWords
2024-06-05 19:03:43 [I] - keyWords extract success
2024-06-05 19:03:43 [I] - start extract catalogs
2024-06-05 19:03:43 [I] - catalogs extract success
2024-06-05 19:03:43 [I] - ***********************************************
2024-06-05 19:10:01 [I] - ***********************************************
2024-06-05 19:10:01 [I] - 提取方式二:传入参数为CMarkup类型
2024-06-05 19:10:01 [I] - start extract title
2024-06-05 19:10:01 [I] - title extract success
2024-06-05 19:10:01 [I] - start extract authors
2024-06-05 19:10:01 [I] - authors extract success
2024-06-05 19:10:01 [I] - start extract abstract
2024-06-05 19:10:01 [I] - abstract extract success
2024-06-05 19:10:01 [I] - start extract keyWords
2024-06-05 19:10:01 [I] - keyWords extract success
2024-06-05 19:10:01 [I] - start extract catalogs
2024-06-05 19:10:01 [I] - catalogs extract success
2024-06-05 19:10:01 [I] - ***********************************************
2024-06-05 19:14:00 [I] - ***********************************************
2024-06-05 19:14:00 [I] - 提取方式二:传入参数为CMarkup类型
2024-06-05 19:14:00 [I] - start extract title
2024-06-05 19:14:00 [I] - title extract success
2024-06-05 19:14:00 [I] - start extract authors
2024-06-05 19:14:00 [I] - authors extract success
2024-06-05 19:14:00 [I] - start extract abstract
2024-06-05 19:14:00 [I] - abstract extract success
2024-06-05 19:14:00 [I] - start extract keyWords
2024-06-05 19:14:00 [I] - keyWords extract success
2024-06-05 19:14:00 [I] - start extract catalogs
2024-06-05 19:14:00 [I] - catalogs extract success
2024-06-05 19:14:00 [I] - ***********************************************
2024-06-05 19:15:01 [I] - ***********************************************
2024-06-05 19:15:01 [I] - 提取方式二:传入参数为CMarkup类型
2024-06-05 19:15:01 [I] - start extract title
2024-06-05 19:15:01 [I] - title extract success
2024-06-05 19:15:01 [I] - start extract authors
2024-06-05 19:15:01 [I] - authors extract success
2024-06-05 19:15:01 [I] - start extract abstract
2024-06-05 19:15:01 [I] - abstract extract success
2024-06-05 19:15:01 [I] - start extract keyWords
2024-06-05 19:15:01 [I] - keyWords extract success
2024-06-05 19:15:01 [I] - start extract catalogs
2024-06-05 19:15:01 [I] - catalogs extract success
2024-06-05 19:15:01 [I] - ***********************************************
2024-06-05 19:15:06 [I] - ***********************************************
2024-06-05 19:15:06 [I] - 提取方式二:传入参数为CMarkup类型
2024-06-05 19:15:06 [I] - start extract title
2024-06-05 19:15:06 [I] - title extract success
2024-06-05 19:15:06 [I] - start extract authors
2024-06-05 19:15:06 [I] - authors extract success
2024-06-05 19:15:06 [I] - start extract abstract
2024-06-05 19:15:06 [I] - abstract extract success
2024-06-05 19:15:06 [I] - start extract keyWords
2024-06-05 19:15:06 [I] - keyWords extract success
2024-06-05 19:15:06 [I] - start extract catalogs
2024-06-05 19:15:06 [I] - catalogs extract success
2024-06-05 19:15:06 [I] - ***********************************************
